<?xml version="1.0" encoding="UTF-8"?>
<testng-results ignored="0" total="1" passed="1" failed="0" skipped="0">
  <reporter-output>
  </reporter-output>
  <suite started-at="2023-04-28T17:57:31Z" name="Default suite" finished-at="2023-04-28T17:57:40Z" duration-ms="8302">
    <groups>
    </groups>
    <test started-at="2023-04-28T17:57:31Z" name="Default test" finished-at="2023-04-28T17:57:40Z" duration-ms="8302">
      <class name="variousConcepts.LearnTestng">
        <test-method is-config="true" signature="readconfig()[pri:0, instance:variousConcepts.LearnTestng@3688eb5b]" started-at="2023-04-28T17:57:31Z" name="readconfig" finished-at="2023-04-28T17:57:31Z" duration-ms="23" status="PASS">
          <reporter-output>
          </reporter-output>
        </test-method> <!-- readconfig -->
        <test-method is-config="true" signature="init()[pri:0, instance:variousConcepts.LearnTestng@3688eb5b]" started-at="2023-04-28T17:57:31Z" name="init" finished-at="2023-04-28T17:57:36Z" duration-ms="4441" status="PASS">
          <reporter-output>
          </reporter-output>
        </test-method> <!-- init -->
        <test-method signature="addcustomer()[pri:0, instance:variousConcepts.LearnTestng@3688eb5b]" started-at="2023-04-28T17:57:36Z" name="addcustomer" finished-at="2023-04-28T17:57:40Z" duration-ms="3793" status="PASS">
          <reporter-output>
          </reporter-output>
        </test-method> <!-- addcustomer -->
      </class> <!-- variousConcepts.LearnTestng -->
    </test> <!-- Default test -->
  </suite> <!-- Default suite -->
</testng-results>
